<?xml version="1.0" encoding="utf-8"?><testsuites name="pytest tests"><testsuite name="pytest" errors="0" failures="0" skipped="0" tests="40" time="6.464" timestamp="2026-08-21T07:12:51.713008+00:00" hostname="agent-env-5be74654-57e2-463c-82a0-3cad3b5d701c"><testcase classname="tests.backend_test.TestPublic" name="test_root" time="0.293" /><testcase classname="tests.backend_test.TestPublic" name="test_clinics_list" time="0.145" /><testcase classname="tests.backend_test.TestPublic" name="test_clinic_detail_and_bad_id" time="0.249" /><testcase classname="tests.backend_test.TestPublic" name="test_slots_weekday_open" time="0.038" /><testcase classname="tests.backend_test.TestPublic" name="test_slots_sunday_closed" time="0.037" /><testcase classname="tests.backend_test.TestPublic" name="test_slots_holiday" time="0.075" /><testcase classname="tests.backend_test.TestPublic" name="test_slots_bad_date" time="0.034" /><testcase classname="tests.backend_test.TestPublic" name="test_public_holidays" time="0.036" /><testcase classname="tests.backend_test.TestPatientAuth" name="test_request_otp_returns_demo_otp" time="0.037" /><testcase classname="tests.backend_test.TestPatientAuth" name="test_invalid_phone" time="0.035" /><testcase classname="tests.backend_test.TestPatientAuth" name="test_wrong_otp" time="0.108" /><testcase classname="tests.backend_test.TestPatientAuth" name="test_missing_name_new_patient" time="0.104" /><testcase classname="tests.backend_test.TestPatientAuth" name="test_verify_creates_patient" time="0.112" /><testcase classname="tests.backend_test.TestPatientAuth" name="test_otp_single_use" time="0.180" /><testcase classname="tests.backend_test.TestPatientAuth" name="test_auth_me_patient" time="0.099" /><testcase classname="tests.backend_test.TestPatientAuth" name="test_request_otp_new_phone_not_returning" time="0.033" /><testcase classname="tests.backend_test.TestPatientAuth" name="test_request_otp_returning_phone_returns_known_fields" time="0.033" /><testcase classname="tests.backend_test.TestPatientAuth" name="test_verify_returning_patient_without_name" time="0.113" /><testcase classname="tests.backend_test.TestPatientAuth" name="test_returning_flag_flips_after_registration" time="0.269" /><testcase classname="tests.backend_test.TestPatientBooking" name="test_book_conflict_cancel_rebook" time="0.596" /><testcase classname="tests.backend_test.TestPatientBooking" name="test_book_on_sunday_rejected" time="0.076" /><testcase classname="tests.backend_test.TestPatientBooking" name="test_book_on_holiday_rejected" time="0.074" /><testcase classname="tests.backend_test.TestPatientBooking" name="test_book_nonexistent_slot" time="0.111" /><testcase classname="tests.backend_test.TestPatientBooking" name="test_cancel_others_appointment" time="0.221" /><testcase classname="tests.backend_test.TestClinicAdmin" name="test_clinic_me" time="0.288" /><testcase classname="tests.backend_test.TestClinicAdmin" name="test_settings_update_persist" time="0.381" /><testcase classname="tests.backend_test.TestClinicAdmin" name="test_invalid_settings_validation" time="0.182" /><testcase classname="tests.backend_test.TestClinicAdmin" name="test_ledger_walkin_status_and_emergency_cancel" time="0.623" /><testcase classname="tests.backend_test.TestClinicAdmin" name="test_walkin_on_holiday" time="0.074" /><testcase classname="tests.backend_test.TestClinicAdmin" name="test_emergency_cancel_empty_day" time="0.073" /><testcase classname="tests.backend_test.TestSuperAdmin" name="test_login_bad_password" time="0.030" /><testcase classname="tests.backend_test.TestSuperAdmin" name="test_login_ok" time="0.070" /><testcase classname="tests.backend_test.TestSuperAdmin" name="test_clinics_crud" time="0.455" /><testcase classname="tests.backend_test.TestSuperAdmin" name="test_holidays_crud" time="0.382" /><testcase classname="tests.backend_test.TestSuperAdmin" name="test_stats" time="0.096" /><testcase classname="tests.backend_test.TestAuthorization" name="test_missing_token_401" time="0.180" /><testcase classname="tests.backend_test.TestAuthorization" name="test_bad_token_401" time="0.086" /><testcase classname="tests.backend_test.TestAuthorization" name="test_patient_cannot_access_clinic_or_admin" time="0.100" /><testcase classname="tests.backend_test.TestAuthorization" name="test_clinic_cannot_access_admin_or_patient" time="0.117" /><testcase classname="tests.backend_test.TestAuthorization" name="test_admin_cannot_access_clinic" time="0.074" /></testsuite></testsuites>