<?xml version="1.0" encoding="utf-8"?><testsuites name="pytest tests"><testsuite name="pytest" errors="0" failures="0" skipped="0" tests="36" time="6.081" timestamp="2026-08-21T06:59:45.442923+00:00" hostname="agent-env-5be74654-57e2-463c-82a0-3cad3b5d701c"><testcase classname="tests.backend_test.TestPublic" name="test_root" time="0.267" /><testcase classname="tests.backend_test.TestPublic" name="test_clinics_list" time="0.144" /><testcase classname="tests.backend_test.TestPublic" name="test_clinic_detail_and_bad_id" time="0.203" /><testcase classname="tests.backend_test.TestPublic" name="test_slots_weekday_open" time="0.039" /><testcase classname="tests.backend_test.TestPublic" name="test_slots_sunday_closed" time="0.031" /><testcase classname="tests.backend_test.TestPublic" name="test_slots_holiday" time="0.059" /><testcase classname="tests.backend_test.TestPublic" name="test_slots_bad_date" time="0.034" /><testcase classname="tests.backend_test.TestPublic" name="test_public_holidays" time="0.052" /><testcase classname="tests.backend_test.TestPatientAuth" name="test_request_otp_returns_demo_otp" time="0.073" /><testcase classname="tests.backend_test.TestPatientAuth" name="test_invalid_phone" time="0.028" /><testcase classname="tests.backend_test.TestPatientAuth" name="test_wrong_otp" time="0.158" /><testcase classname="tests.backend_test.TestPatientAuth" name="test_missing_name_new_patient" time="0.108" /><testcase classname="tests.backend_test.TestPatientAuth" name="test_verify_creates_patient" time="0.151" /><testcase classname="tests.backend_test.TestPatientAuth" name="test_otp_single_use" time="0.209" /><testcase classname="tests.backend_test.TestPatientAuth" name="test_auth_me_patient" time="0.122" /><testcase classname="tests.backend_test.TestPatientBooking" name="test_book_conflict_cancel_rebook" time="0.516" /><testcase classname="tests.backend_test.TestPatientBooking" name="test_book_on_sunday_rejected" time="0.072" /><testcase classname="tests.backend_test.TestPatientBooking" name="test_book_on_holiday_rejected" time="0.077" /><testcase classname="tests.backend_test.TestPatientBooking" name="test_book_nonexistent_slot" time="0.086" /><testcase classname="tests.backend_test.TestPatientBooking" name="test_cancel_others_appointment" time="0.227" /><testcase classname="tests.backend_test.TestClinicAdmin" name="test_clinic_me" time="0.212" /><testcase classname="tests.backend_test.TestClinicAdmin" name="test_settings_update_persist" time="0.265" /><testcase classname="tests.backend_test.TestClinicAdmin" name="test_invalid_settings_validation" time="0.168" /><testcase classname="tests.backend_test.TestClinicAdmin" name="test_ledger_walkin_status_and_emergency_cancel" time="0.942" /><testcase classname="tests.backend_test.TestClinicAdmin" name="test_walkin_on_holiday" time="0.079" /><testcase classname="tests.backend_test.TestClinicAdmin" name="test_emergency_cancel_empty_day" time="0.113" /><testcase classname="tests.backend_test.TestSuperAdmin" name="test_login_bad_password" time="0.032" /><testcase classname="tests.backend_test.TestSuperAdmin" name="test_login_ok" time="0.070" /><testcase classname="tests.backend_test.TestSuperAdmin" name="test_clinics_crud" time="0.368" /><testcase classname="tests.backend_test.TestSuperAdmin" name="test_holidays_crud" time="0.400" /><testcase classname="tests.backend_test.TestSuperAdmin" name="test_stats" time="0.112" /><testcase classname="tests.backend_test.TestAuthorization" name="test_missing_token_401" time="0.146" /><testcase classname="tests.backend_test.TestAuthorization" name="test_bad_token_401" time="0.073" /><testcase classname="tests.backend_test.TestAuthorization" name="test_patient_cannot_access_clinic_or_admin" time="0.100" /><testcase classname="tests.backend_test.TestAuthorization" name="test_clinic_cannot_access_admin_or_patient" time="0.140" /><testcase classname="tests.backend_test.TestAuthorization" name="test_admin_cannot_access_clinic" time="0.067" /></testsuite></testsuites>